********************************************************************************
Email stored not sent on 2024-09-11 16:08:39.977369: Price Spike WHEY

Spike found in prices for WHEY/20250100: need to manually check by running interactive_manual_check_historical_prices
********************************************************************************

********************************************************************************
Email stored not sent on 2024-09-11 16:19:43.523136: Price Spike BUTTER

Spike found in prices for BUTTER/20250100: need to manually check by running interactive_manual_check_historical_prices
********************************************************************************

********************************************************************************
Email stored not sent on 2024-09-11 16:22:49.142509: Price Spike SOYBEAN

Spike found in prices for SOYBEAN/20260300: need to manually check by running interactive_manual_check_historical_prices
********************************************************************************

********************************************************************************
Email stored not sent on 2024-09-11 16:22:50.859362: Price Spike SOYBEAN

Spike found in prices for SOYBEAN/20260500: need to manually check by running interactive_manual_check_historical_prices
********************************************************************************

********************************************************************************
Email stored not sent on 2024-09-11 16:32:17.895943: Price Spike STEEL

Spike found in prices for STEEL/20241100: need to manually check by running interactive_manual_check_historical_prices
********************************************************************************

